<?xml version="1.0" encoding="UTF-8"?>
<testsuite name="SillyTest" tests="5" skipped="0" failures="0" errors="0" timestamp="2022-09-30T03:59:10" hostname="Shaffaans-MacBook-Air.local" time="0.072">
  <properties/>
  <testcase name="testTask1" classname="SillyTest" time="0.049"/>
  <testcase name="testTask2" classname="SillyTest" time="0.021"/>
  <testcase name="testTask3" classname="SillyTest" time="0.0"/>
  <testcase name="testTask4" classname="SillyTest" time="0.0"/>
  <testcase name="testTask5" classname="SillyTest" time="0.0"/>
  <system-out><![CDATA[]]></system-out>
  <system-err><![CDATA[]]></system-err>
</testsuite>
